Fri Jan 05 2018 14:00:19 GMT-0700 (MST) GET /
Fri Jan 05 2018 14:00:19 GMT-0700 (MST) GET /css/materialize.min.css
Fri Jan 05 2018 14:00:19 GMT-0700 (MST) GET /js/materialize.min.js
Fri Jan 05 2018 14:00:19 GMT-0700 (MST) GET /js/trigger.js
Mon Jan 08 2018 17:55:24 GMT-0700 (MST) GET /
Mon Jan 08 2018 17:55:24 GMT-0700 (MST) GET /css/materialize.min.css
Mon Jan 08 2018 17:55:24 GMT-0700 (MST) GET /js/materialize.min.js
Mon Jan 08 2018 17:55:24 GMT-0700 (MST) GET /js/trigger.js
Mon Jan 08 2018 17:55:30 GMT-0700 (MST) GET /about
Mon Jan 08 2018 17:55:31 GMT-0700 (MST) GET /css/materialize.min.css
Mon Jan 08 2018 17:55:31 GMT-0700 (MST) GET /js/materialize.min.js
Mon Jan 08 2018 17:55:31 GMT-0700 (MST) GET /js/trigger.js
Mon Jan 08 2018 17:55:32 GMT-0700 (MST) GET /help.html
Mon Jan 08 2018 17:55:32 GMT-0700 (MST) GET /css/materialize.min.css
Mon Jan 08 2018 17:55:32 GMT-0700 (MST) GET /js/materialize.min.js
Tue Jan 09 2018 18:48:16 GMT-0700 (MST) GET /
Tue Jan 09 2018 18:48:16 GMT-0700 (MST) GET /css/materialize.min.css
Tue Jan 09 2018 18:48:16 GMT-0700 (MST) GET /js/materialize.min.js
Tue Jan 09 2018 18:48:16 GMT-0700 (MST) GET /js/trigger.js
Tue Jan 09 2018 18:48:16 GMT-0700 (MST) GET /favicon.ico
Tue Jan 09 2018 18:48:18 GMT-0700 (MST) GET /projects
Tue Jan 09 2018 18:48:18 GMT-0700 (MST) GET /css/materialize.min.css
Tue Jan 09 2018 18:48:18 GMT-0700 (MST) GET /js/materialize.min.js
Tue Jan 09 2018 18:48:18 GMT-0700 (MST) GET /js/trigger.js
Tue Jan 09 2018 18:48:21 GMT-0700 (MST) GET /
Tue Jan 09 2018 18:48:21 GMT-0700 (MST) GET /css/materialize.min.css
Tue Jan 09 2018 18:48:21 GMT-0700 (MST) GET /js/materialize.min.js
Tue Jan 09 2018 18:48:21 GMT-0700 (MST) GET /js/trigger.js
Tue Jan 09 2018 18:48:22 GMT-0700 (MST) GET /projects
Tue Jan 09 2018 18:48:22 GMT-0700 (MST) GET /css/materialize.min.css
Tue Jan 09 2018 18:48:22 GMT-0700 (MST) GET /js/materialize.min.js
Tue Jan 09 2018 18:48:22 GMT-0700 (MST) GET /js/trigger.js
Tue Jan 09 2018 18:48:23 GMT-0700 (MST) GET /about
Tue Jan 09 2018 18:48:23 GMT-0700 (MST) GET /css/materialize.min.css
Tue Jan 09 2018 18:48:23 GMT-0700 (MST) GET /js/materialize.min.js
Tue Jan 09 2018 18:48:23 GMT-0700 (MST) GET /js/trigger.js
Tue Jan 09 2018 18:48:24 GMT-0700 (MST) GET /projects
Tue Jan 09 2018 18:48:24 GMT-0700 (MST) GET /css/materialize.min.css
Tue Jan 09 2018 18:48:24 GMT-0700 (MST) GET /js/materialize.min.js
Tue Jan 09 2018 18:48:24 GMT-0700 (MST) GET /js/trigger.js
Tue Jan 09 2018 18:48:24 GMT-0700 (MST) GET /about
Tue Jan 09 2018 18:48:24 GMT-0700 (MST) GET /css/materialize.min.css
Tue Jan 09 2018 18:48:24 GMT-0700 (MST) GET /js/materialize.min.js
Tue Jan 09 2018 18:48:24 GMT-0700 (MST) GET /js/trigger.js
Tue Jan 09 2018 18:48:25 GMT-0700 (MST) GET /projects
Tue Jan 09 2018 18:48:25 GMT-0700 (MST) GET /css/materialize.min.css
Tue Jan 09 2018 18:48:25 GMT-0700 (MST) GET /js/materialize.min.js
Tue Jan 09 2018 18:48:25 GMT-0700 (MST) GET /js/trigger.js
Tue Jan 09 2018 18:48:25 GMT-0700 (MST) GET /help.html
Tue Jan 09 2018 18:48:25 GMT-0700 (MST) GET /css/materialize.min.css
Tue Jan 09 2018 18:48:25 GMT-0700 (MST) GET /js/materialize.min.js
Tue Jan 09 2018 18:48:26 GMT-0700 (MST) GET /about
Tue Jan 09 2018 18:48:26 GMT-0700 (MST) GET /css/materialize.min.css
Tue Jan 09 2018 18:48:26 GMT-0700 (MST) GET /js/materialize.min.js
Tue Jan 09 2018 18:48:26 GMT-0700 (MST) GET /js/trigger.js
Tue Jan 09 2018 18:48:27 GMT-0700 (MST) GET /about
Tue Jan 09 2018 18:48:27 GMT-0700 (MST) GET /css/materialize.min.css
Tue Jan 09 2018 18:48:27 GMT-0700 (MST) GET /js/materialize.min.js
Tue Jan 09 2018 18:48:27 GMT-0700 (MST) GET /js/trigger.js
Tue Jan 09 2018 18:48:27 GMT-0700 (MST) GET /projects
Tue Jan 09 2018 18:48:27 GMT-0700 (MST) GET /css/materialize.min.css
Tue Jan 09 2018 18:48:27 GMT-0700 (MST) GET /js/materialize.min.js
Tue Jan 09 2018 18:48:27 GMT-0700 (MST) GET /js/trigger.js
Tue Jan 09 2018 18:48:28 GMT-0700 (MST) GET /help.html
Tue Jan 09 2018 18:48:28 GMT-0700 (MST) GET /css/materialize.min.css
Tue Jan 09 2018 18:48:28 GMT-0700 (MST) GET /js/materialize.min.js
Tue Jan 09 2018 18:48:28 GMT-0700 (MST) GET /about
Tue Jan 09 2018 18:48:28 GMT-0700 (MST) GET /css/materialize.min.css
Tue Jan 09 2018 18:48:28 GMT-0700 (MST) GET /js/materialize.min.js
Tue Jan 09 2018 18:48:28 GMT-0700 (MST) GET /js/trigger.js
Tue Jan 09 2018 18:48:29 GMT-0700 (MST) GET /projects
Tue Jan 09 2018 18:48:29 GMT-0700 (MST) GET /css/materialize.min.css
Tue Jan 09 2018 18:48:29 GMT-0700 (MST) GET /js/materialize.min.js
Tue Jan 09 2018 18:48:29 GMT-0700 (MST) GET /js/trigger.js
Tue Jan 09 2018 18:48:29 GMT-0700 (MST) GET /about
Tue Jan 09 2018 18:48:29 GMT-0700 (MST) GET /css/materialize.min.css
Tue Jan 09 2018 18:48:29 GMT-0700 (MST) GET /js/materialize.min.js
Tue Jan 09 2018 18:48:29 GMT-0700 (MST) GET /js/trigger.js
Tue Jan 09 2018 18:48:30 GMT-0700 (MST) GET /brocktest
